{
"contracts/FundMe.sol":{"l":{"42":4,"46":1,"48":3,"54":3,"55":3,"83":17,"88":16,"89":16,"98":2,"103":7,"104":7,"108":2,"122":2,"125":2,"131":1,"132":1,"133":6,"134":6,"136":1,"137":1,"138":1,"142":0,"146":3,"150":11,"154":1},"path":"/home/antoniopucciarelli/Desktop/hardhatFundMe/contracts/FundMe.sol","s":{"1":4,"2":3,"3":3,"4":17,"5":16,"6":16,"7":2,"8":7,"9":7,"10":2,"11":2,"12":2,"13":1,"14":1,"15":6,"16":6,"17":1,"18":1,"19":1,"20":0,"21":3,"22":11,"23":1},"b":{"1":[1,3],"2":[16,1],"3":[2,0],"4":[1,0]},"f":{"1":4,"2":3,"3":17,"4":2,"5":1,"6":0,"7":3,"8":11,"9":1},"fnMap":{"1":{"name":"onlyOwner","line":39,"loc":{"start":{"line":39,"column":4},"end":{"line":49,"column":4}}},"2":{"name":"constructor","line":53,"loc":{"start":{"line":53,"column":4},"end":{"line":56,"column":4}}},"3":{"name":"fund","line":78,"loc":{"start":{"line":78,"column":4},"end":{"line":90,"column":4}}},"4":{"name":"withdraw","line":92,"loc":{"start":{"line":92,"column":4},"end":{"line":126,"column":4}}},"5":{"name":"cheaperWithdraw","line":128,"loc":{"start":{"line":128,"column":4},"end":{"line":139,"column":4}}},"6":{"name":"getOwner","line":141,"loc":{"start":{"line":141,"column":4},"end":{"line":143,"column":4}}},"7":{"name":"getFunder","line":145,"loc":{"start":{"line":145,"column":4},"end":{"line":147,"column":4}}},"8":{"name":"getAddressToAmountFunded","line":149,"loc":{"start":{"line":149,"column":4},"end":{"line":151,"column":4}}},"9":{"name":"getPriceFeed","line":153,"loc":{"start":{"line":153,"column":4},"end":{"line":155,"column":4}}}},"statementMap":{"1":{"start":{"line":42,"column":8},"end":{"line":42,"column":1643}},"2":{"start":{"line":54,"column":8},"end":{"line":54,"column":27}},"3":{"start":{"line":55,"column":8},"end":{"line":55,"column":62}},"4":{"start":{"line":83,"column":8},"end":{"line":83,"column":3195}},"5":{"start":{"line":88,"column":8},"end":{"line":88,"column":33}},"6":{"start":{"line":89,"column":8},"end":{"line":89,"column":54}},"7":{"start":{"line":98,"column":8},"end":{"line":98,"column":4044}},"8":{"start":{"line":103,"column":12},"end":{"line":103,"column":51}},"9":{"start":{"line":104,"column":12},"end":{"line":104,"column":46}},"10":{"start":{"line":108,"column":8},"end":{"line":108,"column":35}},"11":{"start":{"line":122,"column":8},"end":{"line":122,"column":5032}},"12":{"start":{"line":125,"column":8},"end":{"line":125,"column":42}},"13":{"start":{"line":131,"column":8},"end":{"line":131,"column":44}},"14":{"start":{"line":132,"column":8},"end":{"line":132,"column":5458}},"15":{"start":{"line":133,"column":12},"end":{"line":133,"column":51}},"16":{"start":{"line":134,"column":12},"end":{"line":134,"column":46}},"17":{"start":{"line":136,"column":8},"end":{"line":136,"column":35}},"18":{"start":{"line":137,"column":8},"end":{"line":137,"column":73}},"19":{"start":{"line":138,"column":8},"end":{"line":138,"column":23}},"20":{"start":{"line":142,"column":8},"end":{"line":142,"column":22}},"21":{"start":{"line":146,"column":8},"end":{"line":146,"column":31}},"22":{"start":{"line":150,"column":7},"end":{"line":150,"column":45}},"23":{"start":{"line":154,"column":8},"end":{"line":154,"column":26}}},"branchMap":{"1":{"line":42,"type":"if","locations":[{"start":{"line":42,"column":8},"end":{"line":42,"column":8}},{"start":{"line":42,"column":8},"end":{"line":42,"column":8}}]},"2":{"line":83,"type":"if","locations":[{"start":{"line":83,"column":8},"end":{"line":83,"column":8}},{"start":{"line":83,"column":8},"end":{"line":83,"column":8}}]},"3":{"line":125,"type":"if","locations":[{"start":{"line":125,"column":8},"end":{"line":125,"column":8}},{"start":{"line":125,"column":8},"end":{"line":125,"column":8}}]},"4":{"line":138,"type":"if","locations":[{"start":{"line":138,"column":8},"end":{"line":138,"column":8}},{"start":{"line":138,"column":8},"end":{"line":138,"column":8}}]}}},
"contracts/PriceConverter.sol":{"l":{"15":17,"18":17,"26":17,"27":17,"28":17},"path":"/home/antoniopucciarelli/Desktop/hardhatFundMe/contracts/PriceConverter.sol","s":{"1":17,"2":17,"3":17,"4":17,"5":17},"b":{},"f":{"1":17,"2":17},"fnMap":{"1":{"name":"getPrice","line":14,"loc":{"start":{"line":14,"column":4},"end":{"line":19,"column":4}}},"2":{"name":"getConversionRate","line":21,"loc":{"start":{"line":21,"column":4},"end":{"line":29,"column":4}}}},"statementMap":{"1":{"start":{"line":15,"column":8},"end":{"line":15,"column":60}},"2":{"start":{"line":18,"column":8},"end":{"line":18,"column":36}},"3":{"start":{"line":26,"column":8},"end":{"line":26,"column":46}},"4":{"start":{"line":27,"column":8},"end":{"line":27,"column":62}},"5":{"start":{"line":28,"column":8},"end":{"line":28,"column":29}}},"branchMap":{}},
"contracts/test/MockV3Aggregator.sol":{"l":{},"path":"/home/antoniopucciarelli/Desktop/hardhatFundMe/contracts/test/MockV3Aggregator.sol","s":{},"b":{},"f":{},"fnMap":{},"statementMap":{},"branchMap":{}}}
