TN:
SF:/home/antoniopucciarelli/Desktop/hardhatFundMe/contracts/FundMe.sol
FN:39,onlyOwner
FN:53,constructor
FN:78,fund
FN:92,withdraw
FN:128,cheaperWithdraw
FN:141,getOwner
FN:145,getFunder
FN:149,getAddressToAmountFunded
FN:153,getPriceFeed
FNF:9
FNH:8
FNDA:4,onlyOwner
FNDA:3,constructor
FNDA:17,fund
FNDA:2,withdraw
FNDA:1,cheaperWithdraw
FNDA:0,getOwner
FNDA:3,getFunder
FNDA:11,getAddressToAmountFunded
FNDA:1,getPriceFeed
DA:42,4
DA:46,1
DA:48,3
DA:54,3
DA:55,3
DA:83,17
DA:88,16
DA:89,16
DA:98,2
DA:103,7
DA:104,7
DA:108,2
DA:122,2
DA:125,2
DA:131,1
DA:132,1
DA:133,6
DA:134,6
DA:136,1
DA:137,1
DA:138,1
DA:142,0
DA:146,3
DA:150,11
DA:154,1
LF:25
LH:24
BRDA:42,1,0,1
BRDA:42,1,1,3
BRDA:83,2,0,16
BRDA:83,2,1,1
BRDA:125,3,0,2
BRDA:125,3,1,0
BRDA:138,4,0,1
BRDA:138,4,1,0
BRF:8
BRH:6
end_of_record
TN:
SF:/home/antoniopucciarelli/Desktop/hardhatFundMe/contracts/PriceConverter.sol
FN:14,getPrice
FN:21,getConversionRate
FNF:2
FNH:2
FNDA:17,getPrice
FNDA:17,getConversionRate
DA:15,17
DA:18,17
DA:26,17
DA:27,17
DA:28,17
LF:5
LH:5
BRF:0
BRH:0
end_of_record
TN:
SF:/home/antoniopucciarelli/Desktop/hardhatFundMe/contracts/test/MockV3Aggregator.sol
FNF:0
FNH:0
LF:0
LH:0
BRF:0
BRH:0
end_of_record
